<?xml version="1.0" encoding="utf-8" standalone="no"?>
<test-results xmlns:xsi="http://www.w3.org/2001/XMLSchema-instance" xsi:noNamespaceSchemaLocation="nunit_schema_2.5.xsd" name="Pester" total="3" errors="0" failures="0" not-run="0" inconclusive="0" ignored="0" skipped="0" invalid="0" date="2018-01-04" time="15:39:48">
  <environment user="appveyor" machine-name="APPVYR-WIN" cwd="C:\projects\psidoit" user-domain="APPVYR-WIN" platform="Microsoft Windows Server 2016 Datacenter|C:\Windows|\Device\Harddisk0\Partition4" nunit-version="2.5.8.0" os-version="10.0.14393" clr-version="4.0.30319.42000" />
  <culture-info current-culture="en-US" current-uiculture="en-US" />
  <test-suite type="Powershell" name="Pester" executed="True" result="Success" success="True" time="0.7708" asserts="0">
    <results>
      <test-suite type="TestFixture" name="Module Manifest Tests" executed="True" result="Success" success="True" time="0.606" asserts="0" description="Module Manifest Tests">
        <results>
          <test-case description="Passes Test-ModuleManifest" name="Module Manifest Tests.Passes Test-ModuleManifest" time="0.606" asserts="0" success="True" result="Success" executed="True" />
        </results>
      </test-suite>
      <test-suite type="TestFixture" name="Test-IdoitHttpSSL tests" executed="True" result="Success" success="True" time="0.1647" asserts="0" description="Test-IdoitHttpSSL tests">
        <results>
          <test-case description="Test https" name="Test-IdoitHttpSSL tests.Test https" time="0.1576" asserts="0" success="True" result="Success" executed="True" />
          <test-case description="Test http" name="Test-IdoitHttpSSL tests.Test http" time="0.0071" asserts="0" success="True" result="Success" executed="True" />
        </results>
      </test-suite>
    </results>
  </test-suite>
</test-results>